\BOOKMARK [0][-]{chapter.1}{Selmer\040structures}{}% 1
\BOOKMARK [1][-]{section.1.1}{Local\040cohomology\040and\040Kolyvagin\040primes}{chapter.1}% 2
\BOOKMARK [1][-]{section.1.2}{Selmer\040modules}{chapter.1}% 3
\BOOKMARK [0][-]{chapter.2}{Kolyvagin\040systems}{}% 4
\BOOKMARK [1][-]{section.2.1}{Kolyvagin\040systems\040and\040theta\040ideals}{chapter.2}% 5
\BOOKMARK [1][-]{section.2.2}{Selmer\040structures\040of\040core\040rank\0401}{chapter.2}% 6
\BOOKMARK [2][-]{subsection.2.2.1}{Proof\040of\040Lemma\0402.2.4}{section.2.2}% 7
\BOOKMARK [1][-]{section.2.3}{Selmer\040structures\040of\040rank\0400}{chapter.2}% 8
\BOOKMARK [2][-]{subsection.2.3.1}{Proof\040of\040Lemma\0402.3.7}{section.2.3}% 9
\BOOKMARK [2][-]{subsection.2.3.2}{Proof\040of\040Lemma\0402.3.9}{section.2.3}% 10
\BOOKMARK [2][-]{subsection.2.3.3}{Proof\040of\040Lemma\0402.3.10}{section.2.3}% 11
\BOOKMARK [1][-]{section.2.4}{Non-self\040dual\040Galois\040representations\040of\040rank\0400}{chapter.2}% 12
\BOOKMARK [1][-]{section.2.5}{Selmer\040groups\040over\040discrete\040valuation\040rings}{chapter.2}% 13
\BOOKMARK [0][-]{chapter.3}{Patched\040Cohomology}{}% 14
\BOOKMARK [1][-]{section.3.1}{Ultrafilters}{chapter.3}% 15
\BOOKMARK [2][-]{subsection.3.1.1}{Definition}{section.3.1}% 16
\BOOKMARK [2][-]{subsection.3.1.2}{Analogy\040between\040ultrafilters\040and\040ideals}{section.3.1}% 17
\BOOKMARK [2][-]{subsection.3.1.3}{Ultraproducts}{section.3.1}% 18
\BOOKMARK [2][-]{subsection.3.1.4}{Ultraprimes}{section.3.1}% 19
\BOOKMARK [1][-]{section.3.2}{Patched\040cohomology}{chapter.3}% 20
\BOOKMARK [2][-]{subsection.3.2.1}{Construction}{section.3.2}% 21
\BOOKMARK [2][-]{subsection.3.2.2}{Local\040patched\040cohomology}{section.3.2}% 22
\BOOKMARK [2][-]{subsection.3.2.3}{Global\040patched\040cohomology}{section.3.2}% 23
\BOOKMARK [2][-]{subsection.3.2.4}{Patched\040Selmer\040structures}{section.3.2}% 24
\BOOKMARK [2][-]{subsection.3.2.5}{Patched\040Selmer\040modules}{section.3.2}% 25
\BOOKMARK [1][-]{section.3.3}{Ultra\040Kolyvagin\040systems}{chapter.3}% 26
\BOOKMARK [0][-]{chapter.4}{Kolyvagin\040systems\040over\040the\040Iwasawa\040algebra}{}% 27
\BOOKMARK [1][-]{section.4.1}{Stark\040Systems}{chapter.4}% 28
\BOOKMARK [2][-]{subsection.4.1.1}{Weak\040core\040vertices}{section.4.1}% 29
\BOOKMARK [0][-]{chapter.5}{Cartesian\040systems}{}% 30
\BOOKMARK [1][-]{section.5.1}{The\040graph\040of\040cartesian\040Selmer\040structures}{chapter.5}% 31
\BOOKMARK [0][-]{appendix.A}{Algebraic\040Preliminaries}{}% 32
\BOOKMARK [1][-]{section.A.1}{Fitting\040ideals}{appendix.A}% 33
\BOOKMARK [1][-]{section.A.2}{Preliminaries\040on\040exterior\040powers}{appendix.A}% 34
\BOOKMARK [0][-]{theorem.A.2.4}{References}{}% 35
